10/26/2025 08:06:12 PM : INFO - *************Test_001_Login************
10/26/2025 08:06:12 PM : INFO - **********Verifying Home page Title********
10/26/2025 08:06:14 PM : INFO - **********Home page title verified********
10/26/2025 08:06:16 PM : INFO - *************Verifying login test******
10/26/2025 08:06:22 PM : INFO - **********Login test passed******
10/26/2025 08:08:38 PM : INFO - *************Test_001_Login************
10/26/2025 08:08:38 PM : INFO - **********Verifying Home page Title********
10/26/2025 08:08:41 PM : INFO - **********Home page title verified********
10/26/2025 08:08:43 PM : INFO - *************Verifying login test******
10/26/2025 08:08:49 PM : INFO - **********Login test passed******
10/27/2025 01:57:53 PM : INFO - *************Test_001_Login************
10/27/2025 01:57:53 PM : INFO - **********Verifying Home page Title********
10/27/2025 01:57:55 PM : INFO - **********Home page title verified********
10/27/2025 01:57:57 PM : INFO - *************Verifying login test******
10/27/2025 01:58:02 PM : INFO - **********Login test passed******
10/27/2025 01:59:33 PM : INFO - *************Test_001_Login************
10/27/2025 01:59:33 PM : INFO - **********Verifying Home page Title********
10/27/2025 01:59:40 PM : INFO - **********Home page title verified********
10/27/2025 01:59:48 PM : INFO - *************Verifying login test******
10/27/2025 01:59:54 PM : INFO - **********Login test passed******
10/27/2025 02:02:11 PM : INFO - *************Test_001_Login************
10/27/2025 02:02:11 PM : INFO - **********Verifying Home page Title********
10/27/2025 02:04:16 PM : INFO - *************Verifying login test******
10/27/2025 02:16:31 PM : INFO - *************Test_001_Login************
10/27/2025 02:16:32 PM : INFO - **********Verifying Home page Title********
10/27/2025 02:16:32 PM : INFO - *************Verifying login test******
10/27/2025 02:16:35 PM : INFO - **********Home page title verified********
10/27/2025 02:16:40 PM : INFO - **********Login test passed******
10/27/2025 02:17:11 PM : INFO - *************Test_001_Login************
10/27/2025 02:17:11 PM : INFO - **********Verifying Home page Title********
10/27/2025 02:17:11 PM : INFO - *************Verifying login test******
10/27/2025 02:17:13 PM : INFO - **********Home page title verified********
10/27/2025 02:17:16 PM : INFO - **********Login test passed******
10/27/2025 04:53:49 PM : INFO - *************Test_001_Login************
10/27/2025 04:53:49 PM : INFO - **********Verifying Home page Title********
10/27/2025 04:53:53 PM : INFO - **********Home page title verified********
10/27/2025 04:53:55 PM : INFO - *************Verifying login test******
10/27/2025 04:54:01 PM : INFO - **********Login test passed******
10/27/2025 05:25:07 PM : INFO - *************Test_001_Login************
10/27/2025 05:25:07 PM : INFO - **********Verifying Home page Title********
10/27/2025 05:25:12 PM : INFO - **********Home page title verified********
10/27/2025 05:25:13 PM : INFO - *************Verifying login test******
10/27/2025 05:25:20 PM : INFO - **********Login test passed******
10/27/2025 07:10:02 PM : INFO - *************Test_001_Login************
10/27/2025 07:10:02 PM : INFO - **********Verifying Home page Title********
10/27/2025 07:10:05 PM : INFO - **********Home page title verified********
10/27/2025 07:10:07 PM : INFO - *************Verifying login test******
10/27/2025 07:10:52 PM : INFO - **********Login test passed******
10/27/2025 07:12:45 PM : INFO - *************Test_001_Login************
10/27/2025 07:12:45 PM : INFO - **********Verifying Home page Title********
10/27/2025 07:12:50 PM : INFO - **********Home page title verified********
10/27/2025 07:12:51 PM : INFO - *************Verifying login test******
10/27/2025 07:12:55 PM : INFO - **********Login test passed******
10/27/2025 07:14:22 PM : INFO - *************Test_001_Login************
10/27/2025 07:14:22 PM : INFO - **********Verifying Home page Title********
10/27/2025 07:14:27 PM : INFO - **********Home page title verified********
10/27/2025 07:14:28 PM : INFO - *************Verifying login test******
10/27/2025 07:14:34 PM : INFO - **********Login test passed******
10/27/2025 07:21:52 PM : INFO - ********** Test_002_DDT_Login ************
10/27/2025 07:21:52 PM : INFO - ********** Verifying Login DDT test ************
10/27/2025 07:22:05 PM : INFO - *** PASSED ***
10/27/2025 07:22:13 PM : INFO - *** PASSED (expected fail and failed) ***
10/27/2025 07:22:19 PM : INFO - *** PASSED (expected fail and failed) ***
10/27/2025 07:22:25 PM : INFO - *** PASSED (expected fail and failed) ***
10/27/2025 07:22:25 PM : INFO - *** Login DDT Test PASSED ***
10/27/2025 07:22:25 PM : INFO - ******** End of Login DDT test ********
10/27/2025 07:22:25 PM : INFO - ******** Completed TC_LoginDDT_002 ********
10/28/2025 11:56:41 PM : INFO - ************* Test_003_AddCustomer **********
10/28/2025 11:57:05 PM : INFO - ************* Login succesful **********
10/28/2025 11:57:05 PM : INFO - ******* Starting Add Customer Test **********
10/29/2025 12:39:29 AM : INFO - ************* Test_003_AddCustomer **********
10/29/2025 12:39:35 AM : INFO - ************* Login succesful **********
10/29/2025 12:39:35 AM : INFO - ******* Starting Add Customer Test **********
10/29/2025 12:50:47 AM : INFO - ************* Test_003_AddCustomer **********
10/29/2025 12:50:53 AM : INFO - ************* Login succesful **********
10/29/2025 12:50:53 AM : INFO - ******* Starting Add Customer Test **********
10/29/2025 12:53:40 AM : INFO - ************* Test_003_AddCustomer **********
10/29/2025 12:53:47 AM : INFO - ************* Login succesful **********
10/29/2025 12:53:47 AM : INFO - ******* Starting Add Customer Test **********
10/29/2025 12:56:01 AM : INFO - ************* Test_003_AddCustomer **********
10/29/2025 12:56:09 AM : INFO - ************* Login succesful **********
10/29/2025 12:56:09 AM : INFO - ******* Starting Add Customer Test **********
10/29/2025 12:58:47 AM : INFO - ************* Test_003_AddCustomer **********
10/29/2025 12:58:58 AM : INFO - ************* Login successful **********
10/29/2025 01:00:37 AM : INFO - ************* Test_003_AddCustomer **********
10/29/2025 01:00:44 AM : INFO - ************* Login successful **********
10/29/2025 01:00:48 AM : INFO - ************* Providing customer info **********
10/30/2025 09:44:01 AM : INFO - ************* Test_003_AddCustomer **********
10/30/2025 09:44:08 AM : INFO - ************* Login successful **********
10/30/2025 09:47:26 AM : INFO - ************* Test_003_AddCustomer **********
10/30/2025 09:47:32 AM : INFO - ************* Login succesful **********
10/30/2025 09:47:32 AM : INFO - ******* Starting Add Customer Test **********
10/30/2025 10:05:00 AM : INFO - ************* Test_003_AddCustomer **********
10/30/2025 10:05:05 AM : INFO - ************* Login succesful **********
10/30/2025 10:05:05 AM : INFO - ******* Starting Add Customer Test **********
10/30/2025 10:08:46 AM : INFO - ************* Test_003_AddCustomer **********
10/30/2025 10:08:53 AM : INFO - ************* Login successful **********
10/30/2025 10:08:53 AM : INFO - ******* Starting Add Customer Test **********
10/30/2025 10:08:57 AM : INFO - ************* Providing customer info **********
10/30/2025 10:11:04 AM : INFO - ************* Test_003_AddCustomer **********
10/30/2025 10:11:43 AM : INFO - ************* Login successful **********
10/30/2025 10:11:43 AM : INFO - ******* Starting Add Customer Test **********
10/30/2025 10:11:46 AM : INFO - ************* Providing customer info **********
10/30/2025 10:12:55 AM : INFO - ************* Test_003_AddCustomer **********
10/30/2025 10:13:02 AM : INFO - ************* Login successful **********
10/30/2025 10:13:02 AM : INFO - ******* Starting Add Customer Test **********
10/30/2025 10:13:07 AM : INFO - ************* Providing customer info **********
10/30/2025 10:15:22 AM : INFO - ************* Test_003_AddCustomer **********
10/30/2025 10:15:28 AM : INFO - ************* Login successful **********
10/30/2025 10:15:28 AM : INFO - ******* Starting Add Customer Test **********
10/30/2025 10:15:49 AM : ERROR - Timeout waiting for navigation menu or add button.
10/30/2025 10:16:11 AM : INFO - ************* Test_003_AddCustomer **********
10/30/2025 10:16:26 AM : INFO - ************* Login successful **********
10/30/2025 10:16:26 AM : INFO - ******* Starting Add Customer Test **********
10/30/2025 10:16:29 AM : INFO - ************* Providing customer info **********
10/30/2025 10:16:51 AM : ERROR - Timeout waiting for customer roles multiselect.
10/30/2025 10:17:15 AM : INFO - ************* Test_003_AddCustomer **********
10/30/2025 10:17:22 AM : INFO - ************* Login successful **********
10/30/2025 10:17:22 AM : INFO - ******* Starting Add Customer Test **********
10/30/2025 10:17:43 AM : ERROR - Timeout waiting for navigation menu or add button.
10/30/2025 10:24:56 AM : INFO - ************* Test_003_AddCustomer **********
10/30/2025 10:25:02 AM : INFO - ************* Login successful **********
10/30/2025 10:25:02 AM : INFO - ******* Starting Add Customer Test **********
10/30/2025 10:25:06 AM : INFO - ************* Providing customer info **********
10/30/2025 10:25:27 AM : ERROR - Timeout waiting for customer roles multiselect.
10/30/2025 10:27:20 AM : INFO - ************* Test_003_AddCustomer **********
10/30/2025 10:27:26 AM : INFO - ************* Login successful **********
10/30/2025 10:27:26 AM : INFO - ******* Starting Add Customer Test **********
10/30/2025 10:27:35 AM : INFO - ************* Providing customer info **********
10/30/2025 10:27:57 AM : ERROR - Timeout waiting for customer roles multiselect.
10/30/2025 10:35:54 AM : INFO - ************* Test_003_AddCustomer **********
10/30/2025 10:36:29 AM : INFO - ************* Login succesful **********
10/30/2025 10:36:29 AM : INFO - ******* Starting Add Customer Test **********
10/30/2025 10:36:35 AM : INFO - ************* Providing customer info **********
10/30/2025 10:44:29 AM : INFO - ************* Test_003_AddCustomer **********
10/30/2025 10:44:40 AM : INFO - ************* Login succesful **********
10/30/2025 10:44:40 AM : INFO - ******* Starting Add Customer Test **********
10/30/2025 10:44:43 AM : INFO - ************* Providing customer info **********
10/30/2025 10:45:56 AM : INFO - ************* Test_003_AddCustomer **********
10/30/2025 10:46:04 AM : INFO - ************* Login succesful **********
10/30/2025 10:46:04 AM : INFO - ******* Starting Add Customer Test **********
10/30/2025 10:46:07 AM : INFO - ************* Providing customer info **********
10/30/2025 10:54:01 AM : INFO - ************* Test_003_AddCustomer **********
10/30/2025 10:54:10 AM : INFO - ************* Login succesful **********
10/30/2025 10:54:10 AM : INFO - ******* Starting Add Customer Test **********
10/30/2025 10:54:43 AM : INFO - ************* Test_003_AddCustomer **********
10/30/2025 10:54:50 AM : INFO - ************* Login succesful **********
10/30/2025 10:54:50 AM : INFO - ******* Starting Add Customer Test **********
10/30/2025 10:56:12 AM : INFO - ************* Test_003_AddCustomer **********
10/30/2025 10:56:18 AM : INFO - ************* Login succesful **********
10/30/2025 10:56:18 AM : INFO - ******* Starting Add Customer Test **********
10/30/2025 10:56:58 AM : INFO - ************* Test_003_AddCustomer **********
10/30/2025 10:57:08 AM : INFO - ************* Login succesful **********
10/30/2025 10:57:08 AM : INFO - ******* Starting Add Customer Test **********
10/30/2025 10:57:11 AM : INFO - ************* Providing customer info **********
10/30/2025 11:11:32 AM : INFO - ************* Test_003_AddCustomer **********
10/30/2025 11:11:37 AM : INFO - ************* Login succesful **********
10/30/2025 11:11:37 AM : INFO - ******* Starting Add Customer Test **********
10/30/2025 11:11:43 AM : INFO - ************* Providing customer info **********
10/30/2025 11:16:18 AM : INFO - ************* Test_003_AddCustomer **********
10/30/2025 11:16:27 AM : INFO - ************* Login succesful **********
10/30/2025 11:16:27 AM : INFO - ******* Starting Add Customer Test **********
10/30/2025 11:16:30 AM : INFO - ************* Providing customer info **********
10/30/2025 11:18:39 AM : INFO - ************* Test_003_AddCustomer **********
10/30/2025 11:18:47 AM : INFO - ************* Login succesful **********
10/30/2025 11:18:47 AM : INFO - ******* Starting Add Customer Test **********
10/30/2025 11:18:50 AM : INFO - ************* Providing customer info **********
10/30/2025 12:41:37 PM : INFO - ************* Test_003_AddCustomer **********
10/30/2025 12:41:43 PM : INFO - ************* Login succesful **********
10/30/2025 12:41:43 PM : INFO - ******* Starting Add Customer Test **********
10/30/2025 12:41:46 PM : INFO - ************* Providing customer info **********
10/30/2025 12:47:50 PM : INFO - ************* Test_003_AddCustomer **********
10/30/2025 12:47:57 PM : INFO - ************* Login succesful **********
10/30/2025 12:47:57 PM : INFO - ******* Starting Add Customer Test **********
10/30/2025 12:48:03 PM : INFO - ************* Providing customer info **********
10/30/2025 12:51:47 PM : INFO - ************* Test_003_AddCustomer **********
10/30/2025 12:51:55 PM : INFO - ************* Login succesful **********
10/30/2025 12:51:55 PM : INFO - ******* Starting Add Customer Test **********
10/30/2025 12:52:40 PM : INFO - ************* Test_003_AddCustomer **********
10/30/2025 12:52:49 PM : INFO - ************* Login succesful **********
10/30/2025 12:52:49 PM : INFO - ******* Starting Add Customer Test **********
10/30/2025 12:53:11 PM : INFO - ************* Test_003_AddCustomer **********
10/30/2025 12:53:18 PM : INFO - ************* Login succesful **********
10/30/2025 12:53:18 PM : INFO - ******* Starting Add Customer Test **********
10/30/2025 12:53:52 PM : INFO - ************* Test_003_AddCustomer **********
10/30/2025 12:54:00 PM : INFO - ************* Login succesful **********
10/30/2025 12:54:00 PM : INFO - ******* Starting Add Customer Test **********
10/30/2025 12:54:03 PM : INFO - ************* Providing customer info **********
10/30/2025 01:14:38 PM : INFO - ************* Test_003_AddCustomer **********
10/30/2025 01:15:28 PM : INFO - ************* Login succesful **********
10/30/2025 01:15:28 PM : INFO - ******* Starting Add Customer Test **********
10/30/2025 01:15:31 PM : INFO - ************* Providing customer info **********
10/30/2025 01:17:59 PM : INFO - ************* SearchCustomerByEmail_004 **********
10/30/2025 01:18:05 PM : INFO - ************* Login succesful **********
10/30/2025 01:18:05 PM : INFO - ******* Starting Search Customer By Email **********
10/30/2025 01:22:56 PM : INFO - ************* SearchCustomerByName_005 **********
10/30/2025 01:23:03 PM : INFO - ************* Login succesful **********
10/30/2025 01:23:03 PM : INFO - ******* Starting Search Customer By Name **********
10/30/2025 01:23:06 PM : INFO - ************* searching customer by Name **********
10/30/2025 01:32:28 PM : INFO - ************* Test_003_AddCustomer **********
10/30/2025 01:32:46 PM : INFO - ************* Login succesful **********
10/30/2025 01:32:46 PM : INFO - ******* Starting Add Customer Test **********
10/30/2025 01:32:50 PM : INFO - ************* Providing customer info **********
10/30/2025 01:33:03 PM : INFO - ************* Test_003_AddCustomer **********
10/30/2025 01:33:10 PM : INFO - ************* Login succesful **********
10/30/2025 01:33:10 PM : INFO - ******* Starting Add Customer Test **********
10/30/2025 01:33:14 PM : INFO - ************* Providing customer info **********
10/30/2025 02:55:47 PM : INFO - ************* Test_003_AddCustomer **********
10/30/2025 02:55:53 PM : INFO - ************* Login succesful **********
10/30/2025 02:55:53 PM : INFO - ******* Starting Add Customer Test **********
10/30/2025 02:55:57 PM : INFO - ************* Providing customer info **********
10/30/2025 02:56:10 PM : INFO - ************* Test_003_AddCustomer **********
10/30/2025 02:56:16 PM : INFO - ************* Login succesful **********
10/30/2025 02:56:16 PM : INFO - ******* Starting Add Customer Test **********
10/30/2025 02:56:20 PM : INFO - ************* Providing customer info **********
